#
# There is insufficient memory for the Java Runtime Environment to continue.
# Native memory allocation (malloc) failed to allocate 1549488 bytes for Chunk::new
# Possible reasons:
#   The system is out of physical RAM or swap space
#   The process is running with CompressedOops enabled, and the Java Heap may be blocking the growth of the native heap
# Possible solutions:
#   Reduce memory load on the system
#   Increase physical memory or swap space
#   Check if swap backing store is full
#   Decrease Java heap size (-Xmx/-Xms)
#   Decrease number of Java threads
#   Decrease Java thread stack sizes (-Xss)
#   Set larger code cache with -XX:ReservedCodeCacheSize=
#   JVM is running with Unscaled Compressed Oops mode in which the Java heap is
#     placed in the first 4GB address space. The Java Heap base address is the
#     maximum limit for the native heap growth. Please use -XX:HeapBaseMinAddress
#     to set the Java Heap base and to place the Java Heap above 4GB virtual address.
# This output file may be truncated or incomplete.
#
#  Out of Memory Error (./open/src/hotspot/share/memory/arena.cpp:195), pid=12116, tid=12460
#
# JRE version: Java(TM) SE Runtime Environment (14.0.1+7) (build 14.0.1+7)
# Java VM: Java HotSpot(TM) 64-Bit Server VM (14.0.1+7, mixed mode, sharing, tiered, compressed oops, g1 gc, windows-amd64)
# No core dump will be written. Minidumps are not enabled by default on client versions of Windows
#

---------------  S U M M A R Y ------------

Command Line: --add-opens=java.base/java.util=ALL-UNNAMED --add-opens=java.base/java.lang=ALL-UNNAMED --add-opens=java.base/java.lang.invoke=ALL-UNNAMED --add-opens=java.prefs/java.util.prefs=ALL-UNNAMED -XX:MaxMetaspaceSize=256m -XX:+HeapDumpOnOutOfMemoryError -Xms256m -Xmx512m -Dfile.encoding=windows-1252 -Duser.country=FR -Duser.language=fr -Duser.variant org.gradle.launcher.daemon.bootstrap.GradleDaemon 6.7

Host: Intel(R) Xeon(R) Gold 6148 CPU @ 2.40GHz, 4 cores, 3G,  Windows 10 , 64 bit Build 18362 (10.0.18362.959)
Time: Fri Jan 29 10:31:45 2021 Paris, Madrid elapsed time: 12 seconds (0d 0h 0m 12s)

---------------  T H R E A D  ---------------

Current thread (0x000001dacca75000):  JavaThread "C2 CompilerThread0" daemon [_thread_in_native, id=12460, stack(0x00000005f8200000,0x00000005f8300000)]


Current CompileTask:
C2:  12470 3809       4       java.beans.Introspector::addMethod (196 bytes)

Stack: [0x00000005f8200000,0x00000005f8300000]
Native frames: (J=compiled Java code, j=interpreted, Vv=VM code, C=native code)
V  [jvm.dll+0x5f840a]
V  [jvm.dll+0x741e4a]
V  [jvm.dll+0x7435ff]
V  [jvm.dll+0x743c43]
V  [jvm.dll+0x20d288]
V  [jvm.dll+0xabb07]
V  [jvm.dll+0xac1fc]
V  [jvm.dll+0x31c4c5]
V  [jvm.dll+0x18cc10]
V  [jvm.dll+0x1e5efa]
V  [jvm.dll+0x1e50b8]
V  [jvm.dll+0x1779cc]
V  [jvm.dll+0x1f4105]
V  [jvm.dll+0x1f22eb]
V  [jvm.dll+0x706a9d]
V  [jvm.dll+0x6ff8ba]
V  [jvm.dll+0x5f72c6]
C  [ucrtbase.dll+0x20e82]
C  [KERNEL32.DLL+0x17bd4]
C  [ntdll.dll+0x6ce51]


---------------  P R O C E S S  ---------------

Threads class SMR info:
_java_thread_list=0x000001dad8b1e950, length=37, elements={
0x000001dab1279800, 0x000001dacca4e800, 0x000001dacca4f800, 0x000001dacca6a800,
0x000001dacca6d800, 0x000001dacca6e000, 0x000001dacca75000, 0x000001dacca77000,
0x000001dacca8b800, 0x000001daccbda000, 0x000001daccbe2800, 0x000001dad6db0000,
0x000001dad6957000, 0x000001dad6daa800, 0x000001dad66e7800, 0x000001dad68cf000,
0x000001dad6b43800, 0x000001dad6b76800, 0x000001dad6d2a800, 0x000001dad6d28800,
0x000001dad6d29000, 0x000001dad6d2b800, 0x000001dad6d2a000, 0x000001dad6d2c800,
0x000001dad6d2d000, 0x000001dad6d27800, 0x000001dad6d2e000, 0x000001dad6c9e000,
0x000001dad6c9f800, 0x000001dad6ca0800, 0x000001dad6c9d000, 0x000001dad6ca1000,
0x000001dad6ca3800, 0x000001dad6ca2000, 0x000001dad6ca3000, 0x000001dad6ca4800,
0x000001dad6c9e800
}

Java Threads: ( => current thread )
  0x000001dab1279800 JavaThread "main" [_thread_blocked, id=772, stack(0x00000005f7600000,0x00000005f7700000)]
  0x000001dacca4e800 JavaThread "Reference Handler" daemon [_thread_blocked, id=12472, stack(0x00000005f7d00000,0x00000005f7e00000)]
  0x000001dacca4f800 JavaThread "Finalizer" daemon [_thread_blocked, id=14224, stack(0x00000005f7e00000,0x00000005f7f00000)]
  0x000001dacca6a800 JavaThread "Signal Dispatcher" daemon [_thread_blocked, id=11476, stack(0x00000005f7f00000,0x00000005f8000000)]
  0x000001dacca6d800 JavaThread "Attach Listener" daemon [_thread_blocked, id=1092, stack(0x00000005f8000000,0x00000005f8100000)]
  0x000001dacca6e000 JavaThread "Service Thread" daemon [_thread_blocked, id=1720, stack(0x00000005f8100000,0x00000005f8200000)]
=>0x000001dacca75000 JavaThread "C2 CompilerThread0" daemon [_thread_in_native, id=12460, stack(0x00000005f8200000,0x00000005f8300000)]
  0x000001dacca77000 JavaThread "C1 CompilerThread0" daemon [_thread_blocked, id=13928, stack(0x00000005f8300000,0x00000005f8400000)]
  0x000001dacca8b800 JavaThread "Sweeper thread" daemon [_thread_blocked, id=4148, stack(0x00000005f8400000,0x00000005f8500000)]
  0x000001daccbda000 JavaThread "Common-Cleaner" daemon [_thread_blocked, id=8716, stack(0x00000005f8500000,0x00000005f8600000)]
  0x000001daccbe2800 JavaThread "Notification Thread" daemon [_thread_blocked, id=3380, stack(0x00000005f8600000,0x00000005f8700000)]
  0x000001dad6db0000 JavaThread "Daemon health stats" [_thread_blocked, id=7736, stack(0x00000005f8c00000,0x00000005f8d00000)]
  0x000001dad6957000 JavaThread "Incoming local TCP Connector on port 56616" [_thread_in_native, id=13004, stack(0x00000005f8f00000,0x00000005f9000000)]
  0x000001dad6daa800 JavaThread "Daemon periodic checks" [_thread_blocked, id=14244, stack(0x00000005f9000000,0x00000005f9100000)]
  0x000001dad66e7800 JavaThread "Daemon" [_thread_blocked, id=7940, stack(0x00000005f9100000,0x00000005f9200000)]
  0x000001dad68cf000 JavaThread "Handler for socket connection from /127.0.0.1:56616 to /127.0.0.1:56617" [_thread_in_native, id=9860, stack(0x00000005f9200000,0x00000005f9300000)]
  0x000001dad6b43800 JavaThread "Cancel handler" [_thread_blocked, id=14356, stack(0x00000005f9300000,0x00000005f9400000)]
  0x000001dad6b76800 JavaThread "Daemon worker" [_thread_blocked, id=14360, stack(0x00000005f9400000,0x00000005f9500000)]
  0x000001dad6d2a800 JavaThread "Asynchronous log dispatcher for DefaultDaemonConnection: socket connection from /127.0.0.1:56616 to /127.0.0.1:56617" [_thread_blocked, id=14372, stack(0x00000005f9500000,0x00000005f9600000)]
  0x000001dad6d28800 JavaThread "Stdin handler" [_thread_blocked, id=14376, stack(0x00000005f9600000,0x00000005f9700000)]
  0x000001dad6d29000 JavaThread "Thread-8" [_thread_blocked, id=14388, stack(0x00000005f9700000,0x00000005f9800000)]
  0x000001dad6d2b800 JavaThread "Cache worker for file hash cache (C:\Users\rsalha\.gradle\caches\6.7\fileHashes)" [_thread_blocked, id=14448, stack(0x00000005f9800000,0x00000005f9900000)]
  0x000001dad6d2a000 JavaThread "File lock request listener" [_thread_in_native, id=14452, stack(0x00000005f9900000,0x00000005f9a00000)]
  0x000001dad6d2c800 JavaThread "File lock release action executor" [_thread_blocked, id=14460, stack(0x00000005f9a00000,0x00000005f9b00000)]
  0x000001dad6d2d000 JavaThread "Cache worker for journal cache (C:\Users\rsalha\.gradle\caches\journal-1)" [_thread_blocked, id=14472, stack(0x00000005f9b00000,0x00000005f9c00000)]
  0x000001dad6d27800 JavaThread "Cache worker for file hash cache (C:\Users\rsalha\IdeaProjects\Mus\.gradle\6.7\fileHashes)" [_thread_blocked, id=14524, stack(0x00000005f9c00000,0x00000005f9d00000)]
  0x000001dad6d2e000 JavaThread "Cache worker for checksums cache (C:\Users\rsalha\IdeaProjects\Mus\.gradle\checksums)" [_thread_blocked, id=14536, stack(0x00000005f9d00000,0x00000005f9e00000)]
  0x000001dad6c9e000 JavaThread "Cache worker for cache directory md-supplier (C:\Users\rsalha\.gradle\caches\6.7\md-supplier)" [_thread_blocked, id=14548, stack(0x00000005f9e00000,0x00000005f9f00000)]
  0x000001dad6c9f800 JavaThread "Cache worker for cache directory md-rule (C:\Users\rsalha\.gradle\caches\6.7\md-rule)" [_thread_blocked, id=14560, stack(0x00000005f9f00000,0x00000005fa000000)]
  0x000001dad6ca0800 JavaThread "Cache worker for execution history cache (C:\Users\rsalha\.gradle\caches\6.7\executionHistory)" [_thread_blocked, id=14564, stack(0x00000005fa000000,0x00000005fa100000)]
  0x000001dad6c9d000 JavaThread "jar transforms" [_thread_blocked, id=14576, stack(0x00000005fa100000,0x00000005fa200000)]
  0x000001dad6ca1000 JavaThread "Cache worker for file content cache (C:\Users\rsalha\.gradle\caches\6.7\fileContent)" [_thread_blocked, id=14604, stack(0x00000005fa200000,0x00000005fa300000)]
  0x000001dad6ca3800 JavaThread "Cache worker for Build Output Cleanup Cache (C:\Users\rsalha\IdeaProjects\Mus\.gradle\buildOutputCleanup)" [_thread_blocked, id=14640, stack(0x00000005fa300000,0x00000005fa400000)]
  0x000001dad6ca2000 JavaThread "Memory manager" [_thread_blocked, id=14668, stack(0x00000005fa400000,0x00000005fa500000)]
  0x000001dad6ca3000 JavaThread "Execution worker for ':'" [_thread_blocked, id=14700, stack(0x00000005fa500000,0x00000005fa600000)]
  0x000001dad6ca4800 JavaThread "Execution worker for ':' Thread 2" [_thread_in_vm, id=14704, stack(0x00000005fa600000,0x00000005fa700000)]
  0x000001dad6c9e800 JavaThread "Execution worker for ':' Thread 3" [_thread_blocked, id=14708, stack(0x00000005fa700000,0x00000005fa800000)]

Other Threads:
  0x000001dacca4b000 VMThread "VM Thread" [stack: 0x00000005f7c00000,0x00000005f7d00000] [id=12224]
  0x000001daccbe3800 WatcherThread [stack: 0x00000005f8700000,0x00000005f8800000] [id=12540]
  0x000001dab12a1000 GCTaskThread "GC Thread#0" [stack: 0x00000005f7700000,0x00000005f7800000] [id=8628]
  0x000001dacce1e800 GCTaskThread "GC Thread#1" [stack: 0x00000005f8800000,0x00000005f8900000] [id=14096]
  0x000001daccfc4800 GCTaskThread "GC Thread#2" [stack: 0x00000005f8900000,0x00000005f8a00000] [id=12308]
  0x000001dacd259800 GCTaskThread "GC Thread#3" [stack: 0x00000005f8a00000,0x00000005f8b00000] [id=14052]
  0x000001dab12a6800 ConcurrentGCThread "G1 Main Marker" [stack: 0x00000005f7800000,0x00000005f7900000] [id=12880]
  0x000001dab12ab000 ConcurrentGCThread "G1 Conc#0" [stack: 0x00000005f7900000,0x00000005f7a00000] [id=11292]
  0x000001dacc0e1000 ConcurrentGCThread "G1 Refine#0" [stack: 0x00000005f7a00000,0x00000005f7b00000] [id=9460]
  0x000001dacd4bf000 ConcurrentGCThread "G1 Refine#1" [stack: 0x00000005f8b00000,0x00000005f8c00000] [id=12876]
  0x000001dacc0e4000 ConcurrentGCThread "G1 Young RemSet Sampling" [stack: 0x00000005f7b00000,0x00000005f7c00000] [id=10836]

Threads with active compile tasks:
C2 CompilerThread0    12605 3809       4       java.beans.Introspector::addMethod (196 bytes)

VM state:not at safepoint (normal execution)

VM Mutex/Monitor currently owned by a thread: None

Heap address: 0x00000000e0000000, size: 512 MB, Compressed Oops mode: 32-bit
Narrow klass base: 0x0000000800000000, Narrow klass shift: 3
Compressed class space size: 260046848 Address: 0x0000000800b30000

Heap:
 garbage-first heap   total 262144K, used 99598K [0x00000000e0000000, 0x0000000100000000)
  region size 1024K, 90 young (92160K), 17 survivors (17408K)
 Metaspace       used 38932K, capacity 40208K, committed 40528K, reserved 290816K
  class space    used 5483K, capacity 5904K, committed 6016K, reserved 253952K
Heap Regions: E=young(eden), S=young(survivor), O=old, HS=humongous(starts), HC=humongous(continues), CS=collection set, F=free, OA=open archive, CA=closed archive, TAMS=top-at-mark-start (previous, next)
|   0|0x00000000e0000000, 0x00000000e0100000, 0x00000000e0100000|100%| O|  |TAMS 0x00000000e0100000, 0x00000000e0000000| Untracked 
|   1|0x00000000e0100000, 0x00000000e0200000, 0x00000000e0200000|100%| O|  |TAMS 0x00000000e01c1400, 0x00000000e0100000| Untracked 
|   2|0x00000000e0200000, 0x00000000e0200000, 0x00000000e0300000|  0%| F|  |TAMS 0x00000000e0200000, 0x00000000e0200000| Untracked 
|   3|0x00000000e0300000, 0x00000000e0400000, 0x00000000e0400000|100%|HS|  |TAMS 0x00000000e0400000, 0x00000000e0300000| Complete 
|   4|0x00000000e0400000, 0x00000000e0500000, 0x00000000e0500000|100%|HC|  |TAMS 0x00000000e0500000, 0x00000000e0400000| Complete 
|   5|0x00000000e0500000, 0x00000000e0600000, 0x00000000e0600000|100%|HC|  |TAMS 0x00000000e0600000, 0x00000000e0500000| Complete 
|   6|0x00000000e0600000, 0x00000000e0700000, 0x00000000e0700000|100%| O|  |TAMS 0x00000000e0700000, 0x00000000e0600000| Untracked 
|   7|0x00000000e0700000, 0x00000000e0800000, 0x00000000e0800000|100%| O|  |TAMS 0x00000000e0800000, 0x00000000e0700000| Untracked 
|   8|0x00000000e0800000, 0x00000000e0900000, 0x00000000e0900000|100%| O|  |TAMS 0x00000000e0900000, 0x00000000e0800000| Untracked 
|   9|0x00000000e0900000, 0x00000000e0900000, 0x00000000e0a00000|  0%| F|  |TAMS 0x00000000e0900000, 0x00000000e0900000| Untracked 
|  10|0x00000000e0a00000, 0x00000000e0a00000, 0x00000000e0b00000|  0%| F|  |TAMS 0x00000000e0a00000, 0x00000000e0a00000| Untracked 
|  11|0x00000000e0b00000, 0x00000000e0b00000, 0x00000000e0c00000|  0%| F|  |TAMS 0x00000000e0b00000, 0x00000000e0b00000| Untracked 
|  12|0x00000000e0c00000, 0x00000000e0c9ea00, 0x00000000e0d00000| 61%| O|  |TAMS 0x00000000e0c00000, 0x00000000e0c00000| Untracked 
|  13|0x00000000e0d00000, 0x00000000e0d00000, 0x00000000e0e00000|  0%| F|  |TAMS 0x00000000e0d00000, 0x00000000e0d00000| Untracked 
|  14|0x00000000e0e00000, 0x00000000e0e00000, 0x00000000e0f00000|  0%| F|  |TAMS 0x00000000e0e00000, 0x00000000e0e00000| Untracked 
|  15|0x00000000e0f00000, 0x00000000e0f00000, 0x00000000e1000000|  0%| F|  |TAMS 0x00000000e0f00000, 0x00000000e0f00000| Untracked 
|  16|0x00000000e1000000, 0x00000000e1000000, 0x00000000e1100000|  0%| F|  |TAMS 0x00000000e1000000, 0x00000000e1000000| Untracked 
|  17|0x00000000e1100000, 0x00000000e1100000, 0x00000000e1200000|  0%| F|  |TAMS 0x00000000e1100000, 0x00000000e1100000| Untracked 
|  18|0x00000000e1200000, 0x00000000e1200000, 0x00000000e1300000|  0%| F|  |TAMS 0x00000000e1200000, 0x00000000e1200000| Untracked 
|  19|0x00000000e1300000, 0x00000000e1300000, 0x00000000e1400000|  0%| F|  |TAMS 0x00000000e1300000, 0x00000000e1300000| Untracked 
|  20|0x00000000e1400000, 0x00000000e1400000, 0x00000000e1500000|  0%| F|  |TAMS 0x00000000e1400000, 0x00000000e1400000| Untracked 
|  21|0x00000000e1500000, 0x00000000e1500000, 0x00000000e1600000|  0%| F|  |TAMS 0x00000000e1500000, 0x00000000e1500000| Untracked 
|  22|0x00000000e1600000, 0x00000000e1600000, 0x00000000e1700000|  0%| F|  |TAMS 0x00000000e1600000, 0x00000000e1600000| Untracked 
|  23|0x00000000e1700000, 0x00000000e1700000, 0x00000000e1800000|  0%| F|  |TAMS 0x00000000e1700000, 0x00000000e1700000| Untracked 
|  24|0x00000000e1800000, 0x00000000e1800000, 0x00000000e1900000|  0%| F|  |TAMS 0x00000000e1800000, 0x00000000e1800000| Untracked 
|  25|0x00000000e1900000, 0x00000000e1900000, 0x00000000e1a00000|  0%| F|  |TAMS 0x00000000e1900000, 0x00000000e1900000| Untracked 
|  26|0x00000000e1a00000, 0x00000000e1a00000, 0x00000000e1b00000|  0%| F|  |TAMS 0x00000000e1a00000, 0x00000000e1a00000| Untracked 
|  27|0x00000000e1b00000, 0x00000000e1b00000, 0x00000000e1c00000|  0%| F|  |TAMS 0x00000000e1b00000, 0x00000000e1b00000| Untracked 
|  28|0x00000000e1c00000, 0x00000000e1c00000, 0x00000000e1d00000|  0%| F|  |TAMS 0x00000000e1c00000, 0x00000000e1c00000| Untracked 
|  29|0x00000000e1d00000, 0x00000000e1d00000, 0x00000000e1e00000|  0%| F|  |TAMS 0x00000000e1d00000, 0x00000000e1d00000| Untracked 
|  30|0x00000000e1e00000, 0x00000000e1e00000, 0x00000000e1f00000|  0%| F|  |TAMS 0x00000000e1e00000, 0x00000000e1e00000| Untracked 
|  31|0x00000000e1f00000, 0x00000000e1f00000, 0x00000000e2000000|  0%| F|  |TAMS 0x00000000e1f00000, 0x00000000e1f00000| Untracked 
|  32|0x00000000e2000000, 0x00000000e2000000, 0x00000000e2100000|  0%| F|  |TAMS 0x00000000e2000000, 0x00000000e2000000| Untracked 
|  33|0x00000000e2100000, 0x00000000e2100000, 0x00000000e2200000|  0%| F|  |TAMS 0x00000000e2100000, 0x00000000e2100000| Untracked 
|  34|0x00000000e2200000, 0x00000000e2200000, 0x00000000e2300000|  0%| F|  |TAMS 0x00000000e2200000, 0x00000000e2200000| Untracked 
|  35|0x00000000e2300000, 0x00000000e2300000, 0x00000000e2400000|  0%| F|  |TAMS 0x00000000e2300000, 0x00000000e2300000| Untracked 
|  36|0x00000000e2400000, 0x00000000e2400000, 0x00000000e2500000|  0%| F|  |TAMS 0x00000000e2400000, 0x00000000e2400000| Untracked 
|  37|0x00000000e2500000, 0x00000000e2500000, 0x00000000e2600000|  0%| F|  |TAMS 0x00000000e2500000, 0x00000000e2500000| Untracked 
|  38|0x00000000e2600000, 0x00000000e2600000, 0x00000000e2700000|  0%| F|  |TAMS 0x00000000e2600000, 0x00000000e2600000| Untracked 
|  39|0x00000000e2700000, 0x00000000e2700000, 0x00000000e2800000|  0%| F|  |TAMS 0x00000000e2700000, 0x00000000e2700000| Untracked 
|  40|0x00000000e2800000, 0x00000000e2800000, 0x00000000e2900000|  0%| F|  |TAMS 0x00000000e2800000, 0x00000000e2800000| Untracked 
|  41|0x00000000e2900000, 0x00000000e2900000, 0x00000000e2a00000|  0%| F|  |TAMS 0x00000000e2900000, 0x00000000e2900000| Untracked 
|  42|0x00000000e2a00000, 0x00000000e2a00000, 0x00000000e2b00000|  0%| F|  |TAMS 0x00000000e2a00000, 0x00000000e2a00000| Untracked 
|  43|0x00000000e2b00000, 0x00000000e2b00000, 0x00000000e2c00000|  0%| F|  |TAMS 0x00000000e2b00000, 0x00000000e2b00000| Untracked 
|  44|0x00000000e2c00000, 0x00000000e2c00000, 0x00000000e2d00000|  0%| F|  |TAMS 0x00000000e2c00000, 0x00000000e2c00000| Untracked 
|  45|0x00000000e2d00000, 0x00000000e2d00000, 0x00000000e2e00000|  0%| F|  |TAMS 0x00000000e2d00000, 0x00000000e2d00000| Untracked 
|  46|0x00000000e2e00000, 0x00000000e2e00000, 0x00000000e2f00000|  0%| F|  |TAMS 0x00000000e2e00000, 0x00000000e2e00000| Untracked 
|  47|0x00000000e2f00000, 0x00000000e2f00000, 0x00000000e3000000|  0%| F|  |TAMS 0x00000000e2f00000, 0x00000000e2f00000| Untracked 
|  48|0x00000000e3000000, 0x00000000e3000000, 0x00000000e3100000|  0%| F|  |TAMS 0x00000000e3000000, 0x00000000e3000000| Untracked 
|  49|0x00000000e3100000, 0x00000000e3100000, 0x00000000e3200000|  0%| F|  |TAMS 0x00000000e3100000, 0x00000000e3100000| Untracked 
|  50|0x00000000e3200000, 0x00000000e3200000, 0x00000000e3300000|  0%| F|  |TAMS 0x00000000e3200000, 0x00000000e3200000| Untracked 
|  51|0x00000000e3300000, 0x00000000e3300000, 0x00000000e3400000|  0%| F|  |TAMS 0x00000000e3300000, 0x00000000e3300000| Untracked 
|  52|0x00000000e3400000, 0x00000000e3400000, 0x00000000e3500000|  0%| F|  |TAMS 0x00000000e3400000, 0x00000000e3400000| Untracked 
|  53|0x00000000e3500000, 0x00000000e3500000, 0x00000000e3600000|  0%| F|  |TAMS 0x00000000e3500000, 0x00000000e3500000| Untracked 
|  54|0x00000000e3600000, 0x00000000e3600000, 0x00000000e3700000|  0%| F|  |TAMS 0x00000000e3600000, 0x00000000e3600000| Untracked 
|  55|0x00000000e3700000, 0x00000000e3700000, 0x00000000e3800000|  0%| F|  |TAMS 0x00000000e3700000, 0x00000000e3700000| Untracked 
|  56|0x00000000e3800000, 0x00000000e3800000, 0x00000000e3900000|  0%| F|  |TAMS 0x00000000e3800000, 0x00000000e3800000| Untracked 
|  57|0x00000000e3900000, 0x00000000e3900000, 0x00000000e3a00000|  0%| F|  |TAMS 0x00000000e3900000, 0x00000000e3900000| Untracked 
|  58|0x00000000e3a00000, 0x00000000e3a00000, 0x00000000e3b00000|  0%| F|  |TAMS 0x00000000e3a00000, 0x00000000e3a00000| Untracked 
|  59|0x00000000e3b00000, 0x00000000e3b00000, 0x00000000e3c00000|  0%| F|  |TAMS 0x00000000e3b00000, 0x00000000e3b00000| Untracked 
|  60|0x00000000e3c00000, 0x00000000e3c00000, 0x00000000e3d00000|  0%| F|  |TAMS 0x00000000e3c00000, 0x00000000e3c00000| Untracked 
|  61|0x00000000e3d00000, 0x00000000e3d00000, 0x00000000e3e00000|  0%| F|  |TAMS 0x00000000e3d00000, 0x00000000e3d00000| Untracked 
|  62|0x00000000e3e00000, 0x00000000e3e00000, 0x00000000e3f00000|  0%| F|  |TAMS 0x00000000e3e00000, 0x00000000e3e00000| Untracked 
|  63|0x00000000e3f00000, 0x00000000e3f00000, 0x00000000e4000000|  0%| F|  |TAMS 0x00000000e3f00000, 0x00000000e3f00000| Untracked 
|  64|0x00000000e4000000, 0x00000000e4000000, 0x00000000e4100000|  0%| F|  |TAMS 0x00000000e4000000, 0x00000000e4000000| Untracked 
|  65|0x00000000e4100000, 0x00000000e4100000, 0x00000000e4200000|  0%| F|  |TAMS 0x00000000e4100000, 0x00000000e4100000| Untracked 
|  66|0x00000000e4200000, 0x00000000e4200000, 0x00000000e4300000|  0%| F|  |TAMS 0x00000000e4200000, 0x00000000e4200000| Untracked 
|  67|0x00000000e4300000, 0x00000000e4300000, 0x00000000e4400000|  0%| F|  |TAMS 0x00000000e4300000, 0x00000000e4300000| Untracked 
|  68|0x00000000e4400000, 0x00000000e4400000, 0x00000000e4500000|  0%| F|  |TAMS 0x00000000e4400000, 0x00000000e4400000| Untracked 
|  69|0x00000000e4500000, 0x00000000e4500000, 0x00000000e4600000|  0%| F|  |TAMS 0x00000000e4500000, 0x00000000e4500000| Untracked 
|  70|0x00000000e4600000, 0x00000000e4600000, 0x00000000e4700000|  0%| F|  |TAMS 0x00000000e4600000, 0x00000000e4600000| Untracked 
|  71|0x00000000e4700000, 0x00000000e4700000, 0x00000000e4800000|  0%| F|  |TAMS 0x00000000e4700000, 0x00000000e4700000| Untracked 
|  72|0x00000000e4800000, 0x00000000e4800000, 0x00000000e4900000|  0%| F|  |TAMS 0x00000000e4800000, 0x00000000e4800000| Untracked 
|  73|0x00000000e4900000, 0x00000000e4900000, 0x00000000e4a00000|  0%| F|  |TAMS 0x00000000e4900000, 0x00000000e4900000| Untracked 
|  74|0x00000000e4a00000, 0x00000000e4a00000, 0x00000000e4b00000|  0%| F|  |TAMS 0x00000000e4a00000, 0x00000000e4a00000| Untracked 
|  75|0x00000000e4b00000, 0x00000000e4b00000, 0x00000000e4c00000|  0%| F|  |TAMS 0x00000000e4b00000, 0x00000000e4b00000| Untracked 
|  76|0x00000000e4c00000, 0x00000000e4c00000, 0x00000000e4d00000|  0%| F|  |TAMS 0x00000000e4c00000, 0x00000000e4c00000| Untracked 
|  77|0x00000000e4d00000, 0x00000000e4d00000, 0x00000000e4e00000|  0%| F|  |TAMS 0x00000000e4d00000, 0x00000000e4d00000| Untracked 
|  78|0x00000000e4e00000, 0x00000000e4e00000, 0x00000000e4f00000|  0%| F|  |TAMS 0x00000000e4e00000, 0x00000000e4e00000| Untracked 
|  79|0x00000000e4f00000, 0x00000000e4f00000, 0x00000000e5000000|  0%| F|  |TAMS 0x00000000e4f00000, 0x00000000e4f00000| Untracked 
|  80|0x00000000e5000000, 0x00000000e5000000, 0x00000000e5100000|  0%| F|  |TAMS 0x00000000e5000000, 0x00000000e5000000| Untracked 
|  81|0x00000000e5100000, 0x00000000e5100000, 0x00000000e5200000|  0%| F|  |TAMS 0x00000000e5100000, 0x00000000e5100000| Untracked 
|  82|0x00000000e5200000, 0x00000000e5200000, 0x00000000e5300000|  0%| F|  |TAMS 0x00000000e5200000, 0x00000000e5200000| Untracked 
|  83|0x00000000e5300000, 0x00000000e5300000, 0x00000000e5400000|  0%| F|  |TAMS 0x00000000e5300000, 0x00000000e5300000| Untracked 
|  84|0x00000000e5400000, 0x00000000e5400000, 0x00000000e5500000|  0%| F|  |TAMS 0x00000000e5400000, 0x00000000e5400000| Untracked 
|  85|0x00000000e5500000, 0x00000000e5500000, 0x00000000e5600000|  0%| F|  |TAMS 0x00000000e5500000, 0x00000000e5500000| Untracked 
|  86|0x00000000e5600000, 0x00000000e5600000, 0x00000000e5700000|  0%| F|  |TAMS 0x00000000e5600000, 0x00000000e5600000| Untracked 
|  87|0x00000000e5700000, 0x00000000e5700000, 0x00000000e5800000|  0%| F|  |TAMS 0x00000000e5700000, 0x00000000e5700000| Untracked 
|  88|0x00000000e5800000, 0x00000000e5800000, 0x00000000e5900000|  0%| F|  |TAMS 0x00000000e5800000, 0x00000000e5800000| Untracked 
|  89|0x00000000e5900000, 0x00000000e5900000, 0x00000000e5a00000|  0%| F|  |TAMS 0x00000000e5900000, 0x00000000e5900000| Untracked 
|  90|0x00000000e5a00000, 0x00000000e5a00000, 0x00000000e5b00000|  0%| F|  |TAMS 0x00000000e5a00000, 0x00000000e5a00000| Untracked 
|  91|0x00000000e5b00000, 0x00000000e5b00000, 0x00000000e5c00000|  0%| F|  |TAMS 0x00000000e5b00000, 0x00000000e5b00000| Untracked 
|  92|0x00000000e5c00000, 0x00000000e5c00000, 0x00000000e5d00000|  0%| F|  |TAMS 0x00000000e5c00000, 0x00000000e5c00000| Untracked 
|  93|0x00000000e5d00000, 0x00000000e5d00000, 0x00000000e5e00000|  0%| F|  |TAMS 0x00000000e5d00000, 0x00000000e5d00000| Untracked 
|  94|0x00000000e5e00000, 0x00000000e5e00000, 0x00000000e5f00000|  0%| F|  |TAMS 0x00000000e5e00000, 0x00000000e5e00000| Untracked 
|  95|0x00000000e5f00000, 0x00000000e5f00000, 0x00000000e6000000|  0%| F|  |TAMS 0x00000000e5f00000, 0x00000000e5f00000| Untracked 
|  96|0x00000000e6000000, 0x00000000e6000000, 0x00000000e6100000|  0%| F|  |TAMS 0x00000000e6000000, 0x00000000e6000000| Untracked 
|  97|0x00000000e6100000, 0x00000000e6100000, 0x00000000e6200000|  0%| F|  |TAMS 0x00000000e6100000, 0x00000000e6100000| Untracked 
|  98|0x00000000e6200000, 0x00000000e6200000, 0x00000000e6300000|  0%| F|  |TAMS 0x00000000e6200000, 0x00000000e6200000| Untracked 
|  99|0x00000000e6300000, 0x00000000e6300000, 0x00000000e6400000|  0%| F|  |TAMS 0x00000000e6300000, 0x00000000e6300000| Untracked 
| 100|0x00000000e6400000, 0x00000000e6400000, 0x00000000e6500000|  0%| F|  |TAMS 0x00000000e6400000, 0x00000000e6400000| Untracked 
| 101|0x00000000e6500000, 0x00000000e6500000, 0x00000000e6600000|  0%| F|  |TAMS 0x00000000e6500000, 0x00000000e6500000| Untracked 
| 102|0x00000000e6600000, 0x00000000e6600000, 0x00000000e6700000|  0%| F|  |TAMS 0x00000000e6600000, 0x00000000e6600000| Untracked 
| 103|0x00000000e6700000, 0x00000000e6700000, 0x00000000e6800000|  0%| F|  |TAMS 0x00000000e6700000, 0x00000000e6700000| Untracked 
| 104|0x00000000e6800000, 0x00000000e6800000, 0x00000000e6900000|  0%| F|  |TAMS 0x00000000e6800000, 0x00000000e6800000| Untracked 
| 105|0x00000000e6900000, 0x00000000e6900000, 0x00000000e6a00000|  0%| F|  |TAMS 0x00000000e6900000, 0x00000000e6900000| Untracked 
| 106|0x00000000e6a00000, 0x00000000e6a00000, 0x00000000e6b00000|  0%| F|  |TAMS 0x00000000e6a00000, 0x00000000e6a00000| Untracked 
| 107|0x00000000e6b00000, 0x00000000e6b00000, 0x00000000e6c00000|  0%| F|  |TAMS 0x00000000e6b00000, 0x00000000e6b00000| Untracked 
| 108|0x00000000e6c00000, 0x00000000e6c00000, 0x00000000e6d00000|  0%| F|  |TAMS 0x00000000e6c00000, 0x00000000e6c00000| Untracked 
| 109|0x00000000e6d00000, 0x00000000e6d00000, 0x00000000e6e00000|  0%| F|  |TAMS 0x00000000e6d00000, 0x00000000e6d00000| Untracked 
| 110|0x00000000e6e00000, 0x00000000e6e00000, 0x00000000e6f00000|  0%| F|  |TAMS 0x00000000e6e00000, 0x00000000e6e00000| Untracked 
| 111|0x00000000e6f00000, 0x00000000e6f00000, 0x00000000e7000000|  0%| F|  |TAMS 0x00000000e6f00000, 0x00000000e6f00000| Untracked 
| 112|0x00000000e7000000, 0x00000000e7000000, 0x00000000e7100000|  0%| F|  |TAMS 0x00000000e7000000, 0x00000000e7000000| Untracked 
| 113|0x00000000e7100000, 0x00000000e7100000, 0x00000000e7200000|  0%| F|  |TAMS 0x00000000e7100000, 0x00000000e7100000| Untracked 
| 114|0x00000000e7200000, 0x00000000e7200000, 0x00000000e7300000|  0%| F|  |TAMS 0x00000000e7200000, 0x00000000e7200000| Untracked 
| 115|0x00000000e7300000, 0x00000000e7300000, 0x00000000e7400000|  0%| F|  |TAMS 0x00000000e7300000, 0x00000000e7300000| Untracked 
| 116|0x00000000e7400000, 0x00000000e7400000, 0x00000000e7500000|  0%| F|  |TAMS 0x00000000e7400000, 0x00000000e7400000| Untracked 
| 117|0x00000000e7500000, 0x00000000e7500000, 0x00000000e7600000|  0%| F|  |TAMS 0x00000000e7500000, 0x00000000e7500000| Untracked 
| 118|0x00000000e7600000, 0x00000000e7600000, 0x00000000e7700000|  0%| F|  |TAMS 0x00000000e7600000, 0x00000000e7600000| Untracked 
| 119|0x00000000e7700000, 0x00000000e7700000, 0x00000000e7800000|  0%| F|  |TAMS 0x00000000e7700000, 0x00000000e7700000| Untracked 
| 120|0x00000000e7800000, 0x00000000e7800000, 0x00000000e7900000|  0%| F|  |TAMS 0x00000000e7800000, 0x00000000e7800000| Untracked 
| 121|0x00000000e7900000, 0x00000000e7900000, 0x00000000e7a00000|  0%| F|  |TAMS 0x00000000e7900000, 0x00000000e7900000| Untracked 
| 122|0x00000000e7a00000, 0x00000000e7a00000, 0x00000000e7b00000|  0%| F|  |TAMS 0x00000000e7a00000, 0x00000000e7a00000| Untracked 
| 123|0x00000000e7b00000, 0x00000000e7b00000, 0x00000000e7c00000|  0%| F|  |TAMS 0x00000000e7b00000, 0x00000000e7b00000| Untracked 
| 124|0x00000000e7c00000, 0x00000000e7c00000, 0x00000000e7d00000|  0%| F|  |TAMS 0x00000000e7c00000, 0x00000000e7c00000| Untracked 
| 125|0x00000000e7d00000, 0x00000000e7d00000, 0x00000000e7e00000|  0%| F|  |TAMS 0x00000000e7d00000, 0x00000000e7d00000| Untracked 
| 126|0x00000000e7e00000, 0x00000000e7e00000, 0x00000000e7f00000|  0%| F|  |TAMS 0x00000000e7e00000, 0x00000000e7e00000| Untracked 
| 127|0x00000000e7f00000, 0x00000000e7f00000, 0x00000000e8000000|  0%| F|  |TAMS 0x00000000e7f00000, 0x00000000e7f00000| Untracked 
| 128|0x00000000e8000000, 0x00000000e8000000, 0x00000000e8100000|  0%| F|  |TAMS 0x00000000e8000000, 0x00000000e8000000| Untracked 
| 129|0x00000000e8100000, 0x00000000e8100000, 0x00000000e8200000|  0%| F|  |TAMS 0x00000000e8100000, 0x00000000e8100000| Untracked 
| 130|0x00000000e8200000, 0x00000000e8200000, 0x00000000e8300000|  0%| F|  |TAMS 0x00000000e8200000, 0x00000000e8200000| Untracked 
| 131|0x00000000e8300000, 0x00000000e8300000, 0x00000000e8400000|  0%| F|  |TAMS 0x00000000e8300000, 0x00000000e8300000| Untracked 
| 132|0x00000000e8400000, 0x00000000e8400000, 0x00000000e8500000|  0%| F|  |TAMS 0x00000000e8400000, 0x00000000e8400000| Untracked 
| 133|0x00000000e8500000, 0x00000000e8500000, 0x00000000e8600000|  0%| F|  |TAMS 0x00000000e8500000, 0x00000000e8500000| Untracked 
| 134|0x00000000e8600000, 0x00000000e8600000, 0x00000000e8700000|  0%| F|  |TAMS 0x00000000e8600000, 0x00000000e8600000| Untracked 
| 135|0x00000000e8700000, 0x00000000e8700000, 0x00000000e8800000|  0%| F|  |TAMS 0x00000000e8700000, 0x00000000e8700000| Untracked 
| 136|0x00000000e8800000, 0x00000000e8800000, 0x00000000e8900000|  0%| F|  |TAMS 0x00000000e8800000, 0x00000000e8800000| Untracked 
| 137|0x00000000e8900000, 0x00000000e8900000, 0x00000000e8a00000|  0%| F|  |TAMS 0x00000000e8900000, 0x00000000e8900000| Untracked 
| 138|0x00000000e8a00000, 0x00000000e8a00000, 0x00000000e8b00000|  0%| F|  |TAMS 0x00000000e8a00000, 0x00000000e8a00000| Untracked 
| 139|0x00000000e8b00000, 0x00000000e8b00000, 0x00000000e8c00000|  0%| F|  |TAMS 0x00000000e8b00000, 0x00000000e8b00000| Untracked 
| 140|0x00000000e8c00000, 0x00000000e8c00000, 0x00000000e8d00000|  0%| F|  |TAMS 0x00000000e8c00000, 0x00000000e8c00000| Untracked 
| 141|0x00000000e8d00000, 0x00000000e8da4e00, 0x00000000e8e00000| 64%| S|CS|TAMS 0x00000000e8d00000, 0x00000000e8d00000| Complete 
| 142|0x00000000e8e00000, 0x00000000e8f00000, 0x00000000e8f00000|100%| S|CS|TAMS 0x00000000e8e00000, 0x00000000e8e00000| Complete 
| 143|0x00000000e8f00000, 0x00000000e9000000, 0x00000000e9000000|100%| S|CS|TAMS 0x00000000e8f00000, 0x00000000e8f00000| Complete 
| 144|0x00000000e9000000, 0x00000000e9100000, 0x00000000e9100000|100%| S|CS|TAMS 0x00000000e9000000, 0x00000000e9000000| Complete 
| 145|0x00000000e9100000, 0x00000000e9200000, 0x00000000e9200000|100%| S|CS|TAMS 0x00000000e9100000, 0x00000000e9100000| Complete 
| 146|0x00000000e9200000, 0x00000000e9300000, 0x00000000e9300000|100%| S|CS|TAMS 0x00000000e9200000, 0x00000000e9200000| Complete 
| 147|0x00000000e9300000, 0x00000000e9400000, 0x00000000e9400000|100%| S|CS|TAMS 0x00000000e9300000, 0x00000000e9300000| Complete 
| 148|0x00000000e9400000, 0x00000000e9500000, 0x00000000e9500000|100%| S|CS|TAMS 0x00000000e9400000, 0x00000000e9400000| Complete 
| 149|0x00000000e9500000, 0x00000000e9600000, 0x00000000e9600000|100%| S|CS|TAMS 0x00000000e9500000, 0x00000000e9500000| Complete 
| 150|0x00000000e9600000, 0x00000000e9700000, 0x00000000e9700000|100%| S|CS|TAMS 0x00000000e9600000, 0x00000000e9600000| Complete 
| 151|0x00000000e9700000, 0x00000000e9800000, 0x00000000e9800000|100%| S|CS|TAMS 0x00000000e9700000, 0x00000000e9700000| Complete 
| 152|0x00000000e9800000, 0x00000000e9900000, 0x00000000e9900000|100%| S|CS|TAMS 0x00000000e9800000, 0x00000000e9800000| Complete 
| 153|0x00000000e9900000, 0x00000000e9a00000, 0x00000000e9a00000|100%| S|CS|TAMS 0x00000000e9900000, 0x00000000e9900000| Complete 
| 154|0x00000000e9a00000, 0x00000000e9b00000, 0x00000000e9b00000|100%| S|CS|TAMS 0x00000000e9a00000, 0x00000000e9a00000| Complete 
| 155|0x00000000e9b00000, 0x00000000e9c00000, 0x00000000e9c00000|100%| S|CS|TAMS 0x00000000e9b00000, 0x00000000e9b00000| Complete 
| 156|0x00000000e9c00000, 0x00000000e9d00000, 0x00000000e9d00000|100%| S|CS|TAMS 0x00000000e9c00000, 0x00000000e9c00000| Complete 
| 157|0x00000000e9d00000, 0x00000000e9e00000, 0x00000000e9e00000|100%| S|CS|TAMS 0x00000000e9d00000, 0x00000000e9d00000| Complete 
| 158|0x00000000e9e00000, 0x00000000e9e00000, 0x00000000e9f00000|  0%| F|  |TAMS 0x00000000e9e00000, 0x00000000e9e00000| Untracked 
| 159|0x00000000e9f00000, 0x00000000e9f00000, 0x00000000ea000000|  0%| F|  |TAMS 0x00000000e9f00000, 0x00000000e9f00000| Untracked 
| 160|0x00000000ea000000, 0x00000000ea000000, 0x00000000ea100000|  0%| F|  |TAMS 0x00000000ea000000, 0x00000000ea000000| Untracked 
| 161|0x00000000ea100000, 0x00000000ea100000, 0x00000000ea200000|  0%| F|  |TAMS 0x00000000ea100000, 0x00000000ea100000| Untracked 
| 162|0x00000000ea200000, 0x00000000ea200000, 0x00000000ea300000|  0%| F|  |TAMS 0x00000000ea200000, 0x00000000ea200000| Untracked 
| 163|0x00000000ea300000, 0x00000000ea300000, 0x00000000ea400000|  0%| F|  |TAMS 0x00000000ea300000, 0x00000000ea300000| Untracked 
| 164|0x00000000ea400000, 0x00000000ea400000, 0x00000000ea500000|  0%| F|  |TAMS 0x00000000ea400000, 0x00000000ea400000| Untracked 
| 165|0x00000000ea500000, 0x00000000ea500000, 0x00000000ea600000|  0%| F|  |TAMS 0x00000000ea500000, 0x00000000ea500000| Untracked 
| 166|0x00000000ea600000, 0x00000000ea600000, 0x00000000ea700000|  0%| F|  |TAMS 0x00000000ea600000, 0x00000000ea600000| Untracked 
| 167|0x00000000ea700000, 0x00000000ea700000, 0x00000000ea800000|  0%| F|  |TAMS 0x00000000ea700000, 0x00000000ea700000| Untracked 
| 168|0x00000000ea800000, 0x00000000ea800000, 0x00000000ea900000|  0%| F|  |TAMS 0x00000000ea800000, 0x00000000ea800000| Untracked 
| 169|0x00000000ea900000, 0x00000000ea900000, 0x00000000eaa00000|  0%| F|  |TAMS 0x00000000ea900000, 0x00000000ea900000| Untracked 
| 170|0x00000000eaa00000, 0x00000000eaa00000, 0x00000000eab00000|  0%| F|  |TAMS 0x00000000eaa00000, 0x00000000eaa00000| Untracked 
| 171|0x00000000eab00000, 0x00000000eab00000, 0x00000000eac00000|  0%| F|  |TAMS 0x00000000eab00000, 0x00000000eab00000| Untracked 
| 172|0x00000000eac00000, 0x00000000eac00000, 0x00000000ead00000|  0%| F|  |TAMS 0x00000000eac00000, 0x00000000eac00000| Untracked 
| 173|0x00000000ead00000, 0x00000000ead00000, 0x00000000eae00000|  0%| F|  |TAMS 0x00000000ead00000, 0x00000000ead00000| Untracked 
| 174|0x00000000eae00000, 0x00000000eae00000, 0x00000000eaf00000|  0%| F|  |TAMS 0x00000000eae00000, 0x00000000eae00000| Untracked 
| 175|0x00000000eaf00000, 0x00000000eaf00000, 0x00000000eb000000|  0%| F|  |TAMS 0x00000000eaf00000, 0x00000000eaf00000| Untracked 
| 176|0x00000000eb000000, 0x00000000eb000000, 0x00000000eb100000|  0%| F|  |TAMS 0x00000000eb000000, 0x00000000eb000000| Untracked 
| 177|0x00000000eb100000, 0x00000000eb100000, 0x00000000eb200000|  0%| F|  |TAMS 0x00000000eb100000, 0x00000000eb100000| Untracked 
| 178|0x00000000eb200000, 0x00000000eb200000, 0x00000000eb300000|  0%| F|  |TAMS 0x00000000eb200000, 0x00000000eb200000| Untracked 
| 179|0x00000000eb300000, 0x00000000eb300000, 0x00000000eb400000|  0%| F|  |TAMS 0x00000000eb300000, 0x00000000eb300000| Untracked 
| 180|0x00000000eb400000, 0x00000000eb400000, 0x00000000eb500000|  0%| F|  |TAMS 0x00000000eb400000, 0x00000000eb400000| Untracked 
| 181|0x00000000eb500000, 0x00000000eb500000, 0x00000000eb600000|  0%| F|  |TAMS 0x00000000eb500000, 0x00000000eb500000| Untracked 
| 182|0x00000000eb600000, 0x00000000eb600000, 0x00000000eb700000|  0%| F|  |TAMS 0x00000000eb600000, 0x00000000eb600000| Untracked 
| 183|0x00000000eb700000, 0x00000000eb7465a0, 0x00000000eb800000| 27%| E|  |TAMS 0x00000000eb700000, 0x00000000eb700000| Complete 
| 184|0x00000000eb800000, 0x00000000eb900000, 0x00000000eb900000|100%| E|CS|TAMS 0x00000000eb800000, 0x00000000eb800000| Complete 
| 185|0x00000000eb900000, 0x00000000eba00000, 0x00000000eba00000|100%| E|CS|TAMS 0x00000000eb900000, 0x00000000eb900000| Complete 
| 186|0x00000000eba00000, 0x00000000ebb00000, 0x00000000ebb00000|100%| E|CS|TAMS 0x00000000eba00000, 0x00000000eba00000| Complete 
| 187|0x00000000ebb00000, 0x00000000ebc00000, 0x00000000ebc00000|100%| E|CS|TAMS 0x00000000ebb00000, 0x00000000ebb00000| Complete 
| 188|0x00000000ebc00000, 0x00000000ebd00000, 0x00000000ebd00000|100%| E|CS|TAMS 0x00000000ebc00000, 0x00000000ebc00000| Complete 
| 189|0x00000000ebd00000, 0x00000000ebe00000, 0x00000000ebe00000|100%| E|CS|TAMS 0x00000000ebd00000, 0x00000000ebd00000| Complete 
| 190|0x00000000ebe00000, 0x00000000ebf00000, 0x00000000ebf00000|100%| E|CS|TAMS 0x00000000ebe00000, 0x00000000ebe00000| Complete 
| 191|0x00000000ebf00000, 0x00000000ec000000, 0x00000000ec000000|100%| E|CS|TAMS 0x00000000ebf00000, 0x00000000ebf00000| Complete 
| 192|0x00000000ec000000, 0x00000000ec100000, 0x00000000ec100000|100%| E|CS|TAMS 0x00000000ec000000, 0x00000000ec000000| Complete 
| 193|0x00000000ec100000, 0x00000000ec200000, 0x00000000ec200000|100%| E|CS|TAMS 0x00000000ec100000, 0x00000000ec100000| Complete 
| 194|0x00000000ec200000, 0x00000000ec300000, 0x00000000ec300000|100%| E|CS|TAMS 0x00000000ec200000, 0x00000000ec200000| Complete 
| 195|0x00000000ec300000, 0x00000000ec400000, 0x00000000ec400000|100%| E|CS|TAMS 0x00000000ec300000, 0x00000000ec300000| Complete 
| 196|0x00000000ec400000, 0x00000000ec500000, 0x00000000ec500000|100%| E|CS|TAMS 0x00000000ec400000, 0x00000000ec400000| Complete 
| 197|0x00000000ec500000, 0x00000000ec600000, 0x00000000ec600000|100%| E|CS|TAMS 0x00000000ec500000, 0x00000000ec500000| Complete 
| 198|0x00000000ec600000, 0x00000000ec700000, 0x00000000ec700000|100%| E|CS|TAMS 0x00000000ec600000, 0x00000000ec600000| Complete 
| 199|0x00000000ec700000, 0x00000000ec800000, 0x00000000ec800000|100%| E|CS|TAMS 0x00000000ec700000, 0x00000000ec700000| Complete 
| 200|0x00000000ec800000, 0x00000000ec900000, 0x00000000ec900000|100%| E|CS|TAMS 0x00000000ec800000, 0x00000000ec800000| Complete 
| 201|0x00000000ec900000, 0x00000000eca00000, 0x00000000eca00000|100%| E|CS|TAMS 0x00000000ec900000, 0x00000000ec900000| Complete 
| 202|0x00000000eca00000, 0x00000000ecb00000, 0x00000000ecb00000|100%| E|CS|TAMS 0x00000000eca00000, 0x00000000eca00000| Complete 
| 203|0x00000000ecb00000, 0x00000000ecc00000, 0x00000000ecc00000|100%| E|CS|TAMS 0x00000000ecb00000, 0x00000000ecb00000| Complete 
| 204|0x00000000ecc00000, 0x00000000ecd00000, 0x00000000ecd00000|100%| E|CS|TAMS 0x00000000ecc00000, 0x00000000ecc00000| Complete 
| 205|0x00000000ecd00000, 0x00000000ece00000, 0x00000000ece00000|100%| E|CS|TAMS 0x00000000ecd00000, 0x00000000ecd00000| Complete 
| 206|0x00000000ece00000, 0x00000000ecf00000, 0x00000000ecf00000|100%| E|CS|TAMS 0x00000000ece00000, 0x00000000ece00000| Complete 
| 207|0x00000000ecf00000, 0x00000000ed000000, 0x00000000ed000000|100%| E|CS|TAMS 0x00000000ecf00000, 0x00000000ecf00000| Complete 
| 208|0x00000000ed000000, 0x00000000ed100000, 0x00000000ed100000|100%| E|CS|TAMS 0x00000000ed000000, 0x00000000ed000000| Complete 
| 209|0x00000000ed100000, 0x00000000ed200000, 0x00000000ed200000|100%| E|CS|TAMS 0x00000000ed100000, 0x00000000ed100000| Complete 
| 210|0x00000000ed200000, 0x00000000ed300000, 0x00000000ed300000|100%| E|CS|TAMS 0x00000000ed200000, 0x00000000ed200000| Complete 
| 211|0x00000000ed300000, 0x00000000ed400000, 0x00000000ed400000|100%| E|CS|TAMS 0x00000000ed300000, 0x00000000ed300000| Complete 
| 212|0x00000000ed400000, 0x00000000ed500000, 0x00000000ed500000|100%| E|CS|TAMS 0x00000000ed400000, 0x00000000ed400000| Complete 
| 213|0x00000000ed500000, 0x00000000ed600000, 0x00000000ed600000|100%| E|CS|TAMS 0x00000000ed500000, 0x00000000ed500000| Complete 
| 214|0x00000000ed600000, 0x00000000ed700000, 0x00000000ed700000|100%| E|CS|TAMS 0x00000000ed600000, 0x00000000ed600000| Complete 
| 215|0x00000000ed700000, 0x00000000ed800000, 0x00000000ed800000|100%| E|CS|TAMS 0x00000000ed700000, 0x00000000ed700000| Complete 
| 216|0x00000000ed800000, 0x00000000ed900000, 0x00000000ed900000|100%| E|CS|TAMS 0x00000000ed800000, 0x00000000ed800000| Complete 
| 217|0x00000000ed900000, 0x00000000eda00000, 0x00000000eda00000|100%| E|CS|TAMS 0x00000000ed900000, 0x00000000ed900000| Complete 
| 218|0x00000000eda00000, 0x00000000edb00000, 0x00000000edb00000|100%| E|CS|TAMS 0x00000000eda00000, 0x00000000eda00000| Complete 
| 219|0x00000000edb00000, 0x00000000edc00000, 0x00000000edc00000|100%| E|CS|TAMS 0x00000000edb00000, 0x00000000edb00000| Complete 
| 220|0x00000000edc00000, 0x00000000edd00000, 0x00000000edd00000|100%| E|CS|TAMS 0x00000000edc00000, 0x00000000edc00000| Complete 
| 221|0x00000000edd00000, 0x00000000ede00000, 0x00000000ede00000|100%| E|CS|TAMS 0x00000000edd00000, 0x00000000edd00000| Complete 
| 222|0x00000000ede00000, 0x00000000edf00000, 0x00000000edf00000|100%| E|CS|TAMS 0x00000000ede00000, 0x00000000ede00000| Complete 
| 223|0x00000000edf00000, 0x00000000ee000000, 0x00000000ee000000|100%| E|CS|TAMS 0x00000000edf00000, 0x00000000edf00000| Complete 
| 224|0x00000000ee000000, 0x00000000ee100000, 0x00000000ee100000|100%| E|CS|TAMS 0x00000000ee000000, 0x00000000ee000000| Complete 
| 225|0x00000000ee100000, 0x00000000ee200000, 0x00000000ee200000|100%| E|CS|TAMS 0x00000000ee100000, 0x00000000ee100000| Complete 
| 226|0x00000000ee200000, 0x00000000ee300000, 0x00000000ee300000|100%| E|CS|TAMS 0x00000000ee200000, 0x00000000ee200000| Complete 
| 227|0x00000000ee300000, 0x00000000ee400000, 0x00000000ee400000|100%| E|CS|TAMS 0x00000000ee300000, 0x00000000ee300000| Complete 
| 228|0x00000000ee400000, 0x00000000ee500000, 0x00000000ee500000|100%| E|CS|TAMS 0x00000000ee400000, 0x00000000ee400000| Complete 
| 229|0x00000000ee500000, 0x00000000ee600000, 0x00000000ee600000|100%| E|CS|TAMS 0x00000000ee500000, 0x00000000ee500000| Complete 
| 230|0x00000000ee600000, 0x00000000ee700000, 0x00000000ee700000|100%| E|CS|TAMS 0x00000000ee600000, 0x00000000ee600000| Complete 
| 231|0x00000000ee700000, 0x00000000ee800000, 0x00000000ee800000|100%| E|CS|TAMS 0x00000000ee700000, 0x00000000ee700000| Complete 
| 232|0x00000000ee800000, 0x00000000ee900000, 0x00000000ee900000|100%| E|CS|TAMS 0x00000000ee800000, 0x00000000ee800000| Complete 
| 233|0x00000000ee900000, 0x00000000eea00000, 0x00000000eea00000|100%| E|CS|TAMS 0x00000000ee900000, 0x00000000ee900000| Complete 
| 234|0x00000000eea00000, 0x00000000eeb00000, 0x00000000eeb00000|100%| E|CS|TAMS 0x00000000eea00000, 0x00000000eea00000| Complete 
| 235|0x00000000eeb00000, 0x00000000eec00000, 0x00000000eec00000|100%| E|CS|TAMS 0x00000000eeb00000, 0x00000000eeb00000| Complete 
| 236|0x00000000eec00000, 0x00000000eed00000, 0x00000000eed00000|100%| E|CS|TAMS 0x00000000eec00000, 0x00000000eec00000| Complete 
| 237|0x00000000eed00000, 0x00000000eee00000, 0x00000000eee00000|100%| E|CS|TAMS 0x00000000eed00000, 0x00000000eed00000| Complete 
| 238|0x00000000eee00000, 0x00000000eef00000, 0x00000000eef00000|100%| E|CS|TAMS 0x00000000eee00000, 0x00000000eee00000| Complete 
| 239|0x00000000eef00000, 0x00000000ef000000, 0x00000000ef000000|100%| E|CS|TAMS 0x00000000eef00000, 0x00000000eef00000| Complete 
| 240|0x00000000ef000000, 0x00000000ef100000, 0x00000000ef100000|100%| E|CS|TAMS 0x00000000ef000000, 0x00000000ef000000| Complete 
| 241|0x00000000ef100000, 0x00000000ef200000, 0x00000000ef200000|100%| E|CS|TAMS 0x00000000ef100000, 0x00000000ef100000| Complete 
| 242|0x00000000ef200000, 0x00000000ef300000, 0x00000000ef300000|100%| E|CS|TAMS 0x00000000ef200000, 0x00000000ef200000| Complete 
| 243|0x00000000ef300000, 0x00000000ef400000, 0x00000000ef400000|100%| E|CS|TAMS 0x00000000ef300000, 0x00000000ef300000| Complete 
| 244|0x00000000ef400000, 0x00000000ef500000, 0x00000000ef500000|100%| E|CS|TAMS 0x00000000ef400000, 0x00000000ef400000| Complete 
| 245|0x00000000ef500000, 0x00000000ef600000, 0x00000000ef600000|100%| E|CS|TAMS 0x00000000ef500000, 0x00000000ef500000| Complete 
| 246|0x00000000ef600000, 0x00000000ef700000, 0x00000000ef700000|100%| E|CS|TAMS 0x00000000ef600000, 0x00000000ef600000| Complete 
| 247|0x00000000ef700000, 0x00000000ef800000, 0x00000000ef800000|100%| E|CS|TAMS 0x00000000ef700000, 0x00000000ef700000| Complete 
| 248|0x00000000ef800000, 0x00000000ef900000, 0x00000000ef900000|100%| E|CS|TAMS 0x00000000ef800000, 0x00000000ef800000| Complete 
| 249|0x00000000ef900000, 0x00000000efa00000, 0x00000000efa00000|100%| E|CS|TAMS 0x00000000ef900000, 0x00000000ef900000| Complete 
| 250|0x00000000efa00000, 0x00000000efb00000, 0x00000000efb00000|100%| E|CS|TAMS 0x00000000efa00000, 0x00000000efa00000| Complete 
| 251|0x00000000efb00000, 0x00000000efc00000, 0x00000000efc00000|100%| E|CS|TAMS 0x00000000efb00000, 0x00000000efb00000| Complete 
| 252|0x00000000efc00000, 0x00000000efd00000, 0x00000000efd00000|100%| E|CS|TAMS 0x00000000efc00000, 0x00000000efc00000| Complete 
| 253|0x00000000efd00000, 0x00000000efe00000, 0x00000000efe00000|100%| E|CS|TAMS 0x00000000efd00000, 0x00000000efd00000| Complete 
| 254|0x00000000efe00000, 0x00000000eff00000, 0x00000000eff00000|100%| E|CS|TAMS 0x00000000efe00000, 0x00000000efe00000| Complete 
| 255|0x00000000eff00000, 0x00000000f0000000, 0x00000000f0000000|100%| E|CS|TAMS 0x00000000eff00000, 0x00000000eff00000| Complete 

Card table byte_map: [0x000001dac89d0000,0x000001dac8ad0000] _byte_map_base: 0x000001dac82d0000

Marking Bits (Prev, Next): (CMBitMap*) 0x000001dab12a1868, (CMBitMap*) 0x000001dab12a18a8
 Prev Bits: [0x000001dac8bd0000, 0x000001dac93d0000)
 Next Bits: [0x000001dac93d0000, 0x000001dac9bd0000)

Polling page: 0x000001daaf200000

Metaspace:

Usage:
  Non-class:     33.50 MB capacity,    32.68 MB ( 98%) used,   740.72 KB (  2%) free+waste,   100.25 KB ( <1%) overhead. 
      Class:      5.77 MB capacity,     5.36 MB ( 93%) used,   364.50 KB (  6%) free+waste,    51.63 KB ( <1%) overhead. 
       Both:     39.27 MB capacity,    38.04 MB ( 97%) used,     1.08 MB (  3%) free+waste,   151.88 KB ( <1%) overhead. 

Virtual space:
  Non-class space:       36.00 MB reserved,      33.70 MB ( 94%) committed 
      Class space:      248.00 MB reserved,       5.88 MB (  2%) committed 
             Both:      284.00 MB reserved,      39.58 MB ( 14%) committed 

Chunk freelists:
   Non-Class:  13.00 KB
       Class:  14.00 KB
        Both:  27.00 KB

MaxMetaspaceSize: 256.00 MB
CompressedClassSpaceSize: 248.00 MB

CodeHeap 'non-profiled nmethods': size=120000Kb used=2240Kb max_used=2240Kb free=117759Kb
 bounds [0x000001dac14a0000, 0x000001dac1710000, 0x000001dac89d0000]
CodeHeap 'profiled nmethods': size=120000Kb used=9109Kb max_used=9109Kb free=110890Kb
 bounds [0x000001dab9f70000, 0x000001daba860000, 0x000001dac14a0000]
CodeHeap 'non-nmethods': size=5760Kb used=2321Kb max_used=2366Kb free=3438Kb
 bounds [0x000001dab99d0000, 0x000001dab9c40000, 0x000001dab9f70000]
 total_blobs=5962 nmethods=3989 adapters=707
 compilation: enabled
              stopped_count=0, restarted_count=0
 full_count=0

Compilation events (20 events):
Event: 12.445 Thread 0x000001dacca77000 nmethod 3950 0x000001dac16ce890 code [0x000001dac16cea20, 0x000001dac16ceab8]
Event: 12.445 Thread 0x000001dacca77000 3951       1       org.gradle.internal.graph.CachingDirectedGraphWalker$NodeDetails::access$200 (5 bytes)
Event: 12.445 Thread 0x000001dacca77000 nmethod 3951 0x000001dac16ceb90 code [0x000001dac16ced20, 0x000001dac16cedb8]
Event: 12.446 Thread 0x000001dacca77000 3952       2       com.google.common.collect.ArrayListMultimap::createCollection (5 bytes)
Event: 12.446 Thread 0x000001dacca77000 nmethod 3952 0x000001daba843590 code [0x000001daba843740, 0x000001daba8438e8]
Event: 12.446 Thread 0x000001dacca77000 3954       2       com.google.common.collect.RegularImmutableMap$KeysOrValuesAsList::get (23 bytes)
Event: 12.446 Thread 0x000001dacca77000 nmethod 3954 0x000001daba843990 code [0x000001daba843b40, 0x000001daba843db8]
Event: 12.446 Thread 0x000001dacca77000 3953       2       com.google.common.collect.ArrayListMultimap::createCollection (12 bytes)
Event: 12.446 Thread 0x000001dacca77000 nmethod 3953 0x000001daba843f90 code [0x000001daba844140, 0x000001daba8442e8]
Event: 12.448 Thread 0x000001dacca77000 3955       2       java.util.TimSort::countRunAndMakeAscending (128 bytes)
Event: 12.449 Thread 0x000001dacca77000 nmethod 3955 0x000001daba844390 code [0x000001daba844580, 0x000001daba844ba8]
Event: 12.451 Thread 0x000001dacca77000 3956       1       com.google.common.collect.CompactHashMap$MapEntry::getKey (5 bytes)
Event: 12.451 Thread 0x000001dacca77000 nmethod 3956 0x000001dac16cee90 code [0x000001dac16cf020, 0x000001dac16cf0f8]
Event: 12.451 Thread 0x000001dacca77000 3957       2       com.google.common.collect.AbstractMapBasedMultimap::createCollection (5 bytes)
Event: 12.452 Thread 0x000001dacca77000 nmethod 3957 0x000001daba844e90 code [0x000001daba845020, 0x000001daba845168]
Event: 12.452 Thread 0x000001dacca77000 3958   !   2       com.sun.proxy.$Proxy17::annotationType (29 bytes)
Event: 12.453 Thread 0x000001dacca77000 nmethod 3958 0x000001daba845210 code [0x000001daba8453c0, 0x000001daba845658]
Event: 12.453 Thread 0x000001dacca77000 3959       2       com.google.common.collect.HashMultimap::create (8 bytes)
Event: 12.454 Thread 0x000001dacca77000 nmethod 3959 0x000001daba845810 code [0x000001daba8459e0, 0x000001daba845d38]
Event: 12.454 Thread 0x000001dacca77000 3960       2       org.gradle.internal.reflect.annotations.impl.DefaultTypeAnnotationMetadataStore::collectRelevantAnnotations (88 bytes)

GC Heap History (10 events):
Event: 0.958 GC heap before
{Heap before GC invocations=0 (full 0):
 garbage-first heap   total 262144K, used 18432K [0x00000000e0000000, 0x0000000100000000)
  region size 1024K, 13 young (13312K), 0 survivors (0K)
 Metaspace       used 1752K, capacity 5132K, committed 5504K, reserved 262144K
  class space    used 185K, capacity 518K, committed 640K, reserved 253952K
}
Event: 0.964 GC heap after
{Heap after GC invocations=1 (full 0):
 garbage-first heap   total 262144K, used 7724K [0x00000000e0000000, 0x0000000100000000)
  region size 1024K, 2 young (2048K), 2 survivors (2048K)
 Metaspace       used 1752K, capacity 5132K, committed 5504K, reserved 262144K
  class space    used 185K, capacity 518K, committed 640K, reserved 253952K
}
Event: 1.693 GC heap before
{Heap before GC invocations=1 (full 0):
 garbage-first heap   total 262144K, used 21036K [0x00000000e0000000, 0x0000000100000000)
  region size 1024K, 15 young (15360K), 2 survivors (2048K)
 Metaspace       used 4054K, capacity 6659K, committed 6784K, reserved 262144K
  class space    used 524K, capacity 773K, committed 896K, reserved 253952K
}
Event: 1.697 GC heap after
{Heap after GC invocations=2 (full 0):
 garbage-first heap   total 262144K, used 8988K [0x00000000e0000000, 0x0000000100000000)
  region size 1024K, 2 young (2048K), 2 survivors (2048K)
 Metaspace       used 4054K, capacity 6659K, committed 6784K, reserved 262144K
  class space    used 524K, capacity 773K, committed 896K, reserved 253952K
}
Event: 2.217 GC heap before
{Heap before GC invocations=2 (full 0):
 garbage-first heap   total 262144K, used 31516K [0x00000000e0000000, 0x0000000100000000)
  region size 1024K, 25 young (25600K), 2 survivors (2048K)
 Metaspace       used 4175K, capacity 6659K, committed 6784K, reserved 262144K
  class space    used 524K, capacity 773K, committed 896K, reserved 253952K
}
Event: 2.221 GC heap after
{Heap after GC invocations=3 (full 0):
 garbage-first heap   total 262144K, used 11742K [0x00000000e0000000, 0x0000000100000000)
  region size 1024K, 4 young (4096K), 4 survivors (4096K)
 Metaspace       used 4175K, capacity 6659K, committed 6784K, reserved 262144K
  class space    used 524K, capacity 773K, committed 896K, reserved 253952K
}
Event: 5.618 GC heap before
{Heap before GC invocations=3 (full 0):
 garbage-first heap   total 262144K, used 143838K [0x00000000e0000000, 0x0000000100000000)
  region size 1024K, 134 young (137216K), 4 survivors (4096K)
 Metaspace       used 20583K, capacity 21211K, committed 21296K, reserved 272384K
  class space    used 3080K, capacity 3288K, committed 3328K, reserved 253952K
}
Event: 5.644 GC heap after
{Heap after GC invocations=4 (full 0):
 garbage-first heap   total 262144K, used 18715K [0x00000000e0000000, 0x0000000100000000)
  region size 1024K, 11 young (11264K), 11 survivors (11264K)
 Metaspace       used 20583K, capacity 21211K, committed 21296K, reserved 272384K
  class space    used 3080K, capacity 3288K, committed 3328K, reserved 253952K
}
Event: 10.507 GC heap before
{Heap before GC invocations=5 (full 0):
 garbage-first heap   total 262144K, used 121115K [0x00000000e0000000, 0x0000000100000000)
  region size 1024K, 109 young (111616K), 11 survivors (11264K)
 Metaspace       used 34865K, capacity 35852K, committed 35920K, reserved 284672K
  class space    used 4850K, capacity 5203K, committed 5248K, reserved 253952K
}
Event: 10.556 GC heap after
{Heap after GC invocations=6 (full 0):
 garbage-first heap   total 262144K, used 25870K [0x00000000e0000000, 0x0000000100000000)
  region size 1024K, 17 young (17408K), 17 survivors (17408K)
 Metaspace       used 34865K, capacity 35852K, committed 35920K, reserved 284672K
  class space    used 4850K, capacity 5203K, committed 5248K, reserved 253952K
}

Deoptimization events (20 events):
Event: 11.751 Thread 0x000001dad6b76800 Uncommon trap: trap_request=0xffffff45 fr.pc=0x000001dac16a6368 relative=0x0000000000001ac8
Event: 11.751 Thread 0x000001dad6b76800 Uncommon trap: reason=unstable_if action=reinterpret pc=0x000001dac16a6368 method=org.codehaus.groovy.runtime.metaclass.MetaMethodIndex.addMethodToList(Ljava/lang/Object;Lgroovy/lang/MetaMethod;)Ljava/lang/Object; @ 256 c2
Event: 11.751 Thread 0x000001dad6b76800 DEOPT PACKING pc=0x000001dac16a6368 sp=0x00000005f94f85f0
Event: 11.751 Thread 0x000001dad6b76800 DEOPT UNPACKING pc=0x000001dab9a1912f sp=0x00000005f94f8598 mode 2
Event: 11.967 Thread 0x000001dad6b76800 DEOPT PACKING pc=0x000001daba786a6e sp=0x00000005f94f6580
Event: 11.967 Thread 0x000001dad6b76800 DEOPT UNPACKING pc=0x000001dab9a1964e sp=0x00000005f94f5b48 mode 0
Event: 11.990 Thread 0x000001dad6b76800 DEOPT PACKING pc=0x000001daba7ef8f6 sp=0x00000005f94f66f0
Event: 11.990 Thread 0x000001dad6b76800 DEOPT UNPACKING pc=0x000001dab9a1964e sp=0x00000005f94f5c88 mode 0
Event: 12.044 Thread 0x000001dad6b76800 DEOPT PACKING pc=0x000001daba80ce3a sp=0x00000005f94f6750
Event: 12.044 Thread 0x000001dad6b76800 DEOPT UNPACKING pc=0x000001dab9a1964e sp=0x00000005f94f5c48 mode 0
Event: 12.045 Thread 0x000001dad6b76800 DEOPT PACKING pc=0x000001daba7ef8f6 sp=0x00000005f94f66b0
Event: 12.045 Thread 0x000001dad6b76800 DEOPT UNPACKING pc=0x000001dab9a1964e sp=0x00000005f94f5c48 mode 0
Event: 12.197 Thread 0x000001dad6b76800 Uncommon trap: trap_request=0xffffffc6 fr.pc=0x000001dac15fc768 relative=0x00000000000039c8
Event: 12.197 Thread 0x000001dad6b76800 Uncommon trap: reason=bimorphic_or_optimized_type_check action=maybe_recompile pc=0x000001dac15fc768 method=java.util.AbstractCollection.addAll(Ljava/util/Collection;)Z @ 29 c2
Event: 12.197 Thread 0x000001dad6b76800 DEOPT PACKING pc=0x000001dac15fc768 sp=0x00000005f94fb3f0
Event: 12.197 Thread 0x000001dad6b76800 DEOPT UNPACKING pc=0x000001dab9a1912f sp=0x00000005f94fb3f0 mode 2
Event: 12.235 Thread 0x000001dad6b76800 DEOPT PACKING pc=0x000001daba28d8ba sp=0x00000005f94f9f00
Event: 12.235 Thread 0x000001dad6b76800 DEOPT UNPACKING pc=0x000001dab9a1964e sp=0x00000005f94f9398 mode 0
Event: 12.399 Thread 0x000001dad6b76800 DEOPT PACKING pc=0x000001daba786a6e sp=0x00000005f94f9d10
Event: 12.399 Thread 0x000001dad6b76800 DEOPT UNPACKING pc=0x000001dab9a1964e sp=0x00000005f94f92d8 mode 0

Classes unloaded (0 events):
No events

Classes redefined (0 events):
No events

Internal exceptions (20 events):
Event: 12.009 Thread 0x000001dad6b76800 Exception <a 'java/lang/ClassNotFoundException'{0x00000000ecab07e8}: org/gradle/api/tasks/JavaExecBeanInfo> (0x00000000ecab07e8) 
thrown [./open/src/hotspot/share/classfile/systemDictionary.cpp, line 226]
Event: 12.016 Thread 0x000001dad6b76800 Exception <a 'java/lang/ClassNotFoundException'{0x00000000ecacbee0}: org/gradle/api/tasks/JavaExecCustomizer> (0x00000000ecacbee0) 
thrown [./open/src/hotspot/share/classfile/systemDictionary.cpp, line 226]
Event: 12.026 Thread 0x000001dad6b76800 Exception <a 'java/lang/ClassNotFoundException'{0x00000000ec93c440}: org/gradle/api/tasks/JavaExec_DecoratedCustomizer> (0x00000000ec93c440) 
thrown [./open/src/hotspot/share/classfile/systemDictionary.cpp, line 226]
Event: 12.049 Thread 0x000001dad6b76800 Exception <a 'java/lang/ClassNotFoundException'{0x00000000ec6202c0}: org/gradle/api/internal/tasks/DefaultSourceSetContainer_DecoratedBeanInfo> (0x00000000ec6202c0) 
thrown [./open/src/hotspot/share/classfile/systemDictionary.cpp, line 226]
Event: 12.050 Thread 0x000001dad6b76800 Exception <a 'java/lang/ClassNotFoundException'{0x00000000ec6409d0}: org/gradle/api/internal/tasks/DefaultSourceSetContainerBeanInfo> (0x00000000ec6409d0) 
thrown [./open/src/hotspot/share/classfile/systemDictionary.cpp, line 226]
Event: 12.051 Thread 0x000001dad6b76800 Exception <a 'java/lang/ClassNotFoundException'{0x00000000ec655cb8}: org/gradle/api/internal/AbstractValidatingNamedDomainObjectContainerBeanInfo> (0x00000000ec655cb8) 
thrown [./open/src/hotspot/share/classfile/systemDictionary.cpp, line 226]
Event: 12.052 Thread 0x000001dad6b76800 Exception <a 'java/lang/ClassNotFoundException'{0x00000000ec669c60}: org/gradle/api/internal/AbstractNamedDomainObjectContainerBeanInfo> (0x00000000ec669c60) 
thrown [./open/src/hotspot/share/classfile/systemDictionary.cpp, line 226]
Event: 12.053 Thread 0x000001dad6b76800 Exception <a 'java/lang/ClassNotFoundException'{0x00000000ec67e230}: org/gradle/api/internal/AbstractNamedDomainObjectContainerCustomizer> (0x00000000ec67e230) 
thrown [./open/src/hotspot/share/classfile/systemDictionary.cpp, line 226]
Event: 12.057 Thread 0x000001dad6b76800 Exception <a 'java/lang/ClassNotFoundException'{0x00000000ec6a6990}: org/gradle/api/internal/AbstractValidatingNamedDomainObjectContainerCustomizer> (0x00000000ec6a6990) 
thrown [./open/src/hotspot/share/classfile/systemDictionary.cpp, line 226]
Event: 12.059 Thread 0x000001dad6b76800 Exception <a 'java/lang/ClassNotFoundException'{0x00000000ec6d2138}: org/gradle/api/internal/tasks/DefaultSourceSetContainerCustomizer> (0x00000000ec6d2138) 
thrown [./open/src/hotspot/share/classfile/systemDictionary.cpp, line 226]
Event: 12.062 Thread 0x000001dad6b76800 Exception <a 'java/lang/ClassNotFoundException'{0x00000000ec501428}: org/gradle/api/internal/tasks/DefaultSourceSetContainer_DecoratedCustomizer> (0x00000000ec501428) 
thrown [./open/src/hotspot/share/classfile/systemDictionary.cpp, line 226]
Event: 12.129 Thread 0x000001dad6b76800 Exception <a 'java/lang/ClassNotFoundException'{0x00000000ec5a4600}: org/gradle/api/internal/tasks/DefaultSourceSet_DecoratedBeanInfo> (0x00000000ec5a4600) 
thrown [./open/src/hotspot/share/classfile/systemDictionary.cpp, line 226]
Event: 12.142 Thread 0x000001dad6b76800 Exception <a 'java/lang/ClassNotFoundException'{0x00000000ec5c3238}: org/gradle/api/internal/tasks/DefaultSourceSetBeanInfo> (0x00000000ec5c3238) 
thrown [./open/src/hotspot/share/classfile/systemDictionary.cpp, line 226]
Event: 12.145 Thread 0x000001dad6b76800 Exception <a 'java/lang/ClassNotFoundException'{0x00000000ec5e1e90}: org/gradle/api/internal/tasks/DefaultSourceSetCustomizer> (0x00000000ec5e1e90) 
thrown [./open/src/hotspot/share/classfile/systemDictionary.cpp, line 226]
Event: 12.150 Thread 0x000001dad6b76800 Exception <a 'java/lang/ClassNotFoundException'{0x00000000ec4249f0}: org/gradle/api/internal/tasks/DefaultSourceSet_DecoratedCustomizer> (0x00000000ec4249f0) 
thrown [./open/src/hotspot/share/classfile/systemDictionary.cpp, line 226]
Event: 12.175 Thread 0x000001dad6b76800 Exception <a 'java/lang/ClassNotFoundException'{0x00000000ec4a6250}: java/lang/SystemBeanInfo> (0x00000000ec4a6250) 
thrown [./open/src/hotspot/share/classfile/systemDictionary.cpp, line 226]
Event: 12.176 Thread 0x000001dad6b76800 Exception <a 'java/lang/ClassNotFoundException'{0x00000000ec4aecd8}: java/lang/SystemCustomizer> (0x00000000ec4aecd8) 
thrown [./open/src/hotspot/share/classfile/systemDictionary.cpp, line 226]
Event: 12.230 Thread 0x000001dad6b76800 Exception <a 'java/lang/NoSuchMethodError'{0x00000000ec3fea90}: 'int java.lang.invoke.DirectMethodHandle$Holder.invokeInterface(java.lang.Object, java.lang.Object, java.lang.Object, java.lang.Object)'> (0x00000000ec3fea90) 
thrown [./open/src/hotspot/share/interpreter/linkResolver.cpp, line 766]
Event: 12.246 Thread 0x000001dad6b76800 Exception <a 'java/lang/NoSuchMethodError'{0x00000000ec259988}: 'void java.lang.invoke.DirectMethodHandle$Holder.invokeStatic(java.lang.Object, java.lang.Object, java.lang.Object, java.lang.Object, java.lang.Object, java.lang.Object, java.lang.Object)'> (0x00000000ec259988) 
thrown [./open/src/hotspot/share/interpreter/linkResolver.cpp, line 766]
Event: 12.287 Thread 0x000001dad6b76800 Exception <a 'java/lang/NoSuchMethodError'{0x00000000ec078f70}: 'java.lang.Object java.lang.invoke.DirectMethodHandle$Holder.invokeStatic(java.lang.Object, int, java.lang.Object)'> (0x00000000ec078f70) 
thrown [./open/src/hotspot/share/interpreter/linkResolver.cpp, line 766]

Events (20 events):
Event: 12.175 loading class java/lang/SystemCustomizer
Event: 12.175 loading class java/lang/SystemCustomizer done
Event: 12.175 loading class java/lang/SystemCustomizer
Event: 12.175 loading class java/lang/SystemCustomizer done
Event: 12.206 loading class java/util/stream/MatchOps$MatchKind
Event: 12.206 loading class java/util/stream/MatchOps$MatchKind done
Event: 12.206 loading class java/util/stream/MatchOps
Event: 12.206 loading class java/util/stream/MatchOps done
Event: 12.206 loading class java/util/stream/MatchOps$MatchOp
Event: 12.207 loading class java/util/stream/MatchOps$MatchOp done
Event: 12.207 loading class java/util/stream/MatchOps$BooleanTerminalSink
Event: 12.207 loading class java/util/stream/MatchOps$BooleanTerminalSink done
Event: 12.207 loading class java/util/stream/MatchOps$1MatchSink
Event: 12.207 loading class java/util/stream/MatchOps$1MatchSink done
Event: 12.227 Executing VM operation: HandshakeAllThreads
Event: 12.228 Executing VM operation: HandshakeAllThreads done
Event: 12.378 loading class java/util/stream/Collectors$Partition
Event: 12.378 loading class java/util/stream/Collectors$Partition done
Event: 12.379 loading class java/util/stream/Collectors$Partition$1
Event: 12.379 loading class java/util/stream/Collectors$Partition$1 done


Dynamic libraries:
0x00007ff773740000 - 0x00007ff77374f000 	C:\Program Files\Java\jdk\bin\java.exe
0x00007ffd8dee0000 - 0x00007ffd8e0d0000 	C:\windows\SYSTEM32\ntdll.dll
0x00007ffd8bf90000 - 0x00007ffd8c042000 	C:\windows\System32\KERNEL32.DLL
0x00007ffd8bce0000 - 0x00007ffd8bf84000 	C:\windows\System32\KERNELBASE.dll
0x00007ffd88280000 - 0x00007ffd8830f000 	C:\windows\SYSTEM32\apphelp.dll
0x00007ffd8bb00000 - 0x00007ffd8bbfa000 	C:\windows\System32\ucrtbase.dll
0x00007ffd6f2d0000 - 0x00007ffd6f2e8000 	C:\Program Files\Java\jdk\bin\jli.dll
0x00007ffd74400000 - 0x00007ffd74415000 	C:\Program Files\Java\jdk\bin\VCRUNTIME140.dll
0x00007ffd8dc50000 - 0x00007ffd8dcf3000 	C:\windows\System32\ADVAPI32.dll
0x00007ffd8cf80000 - 0x00007ffd8d01e000 	C:\windows\System32\msvcrt.dll
0x00007ffd8cc20000 - 0x00007ffd8ccb7000 	C:\windows\System32\sechost.dll
0x00007ffd8d790000 - 0x00007ffd8d8b0000 	C:\windows\System32\RPCRT4.dll
0x00007ffd8dd00000 - 0x00007ffd8de94000 	C:\windows\System32\USER32.dll
0x00007ffd8b0f0000 - 0x00007ffd8b111000 	C:\windows\System32\win32u.dll
0x00007ffd7b340000 - 0x00007ffd7b5c4000 	C:\windows\WinSxS\amd64_microsoft.windows.common-controls_6595b64144ccf1df_6.0.18362.959_none_e6c7bbbf130c62bb\COMCTL32.dll
0x00007ffd8dc20000 - 0x00007ffd8dc46000 	C:\windows\System32\GDI32.dll
0x00007ffd8b960000 - 0x00007ffd8baf6000 	C:\windows\System32\gdi32full.dll
0x00007ffd8aee0000 - 0x00007ffd8af7e000 	C:\windows\System32\msvcp_win.dll
0x00007ffd8c810000 - 0x00007ffd8cb45000 	C:\windows\System32\combase.dll
0x00007ffd8ae60000 - 0x00007ffd8aee0000 	C:\windows\System32\bcryptPrimitives.dll
0x00007ffd8aa20000 - 0x00007ffd8aa2a000 	C:\windows\SYSTEM32\VERSION.dll
0x00007ffd8cf50000 - 0x00007ffd8cf7e000 	C:\windows\System32\IMM32.DLL
0x00007ffd8ac40000 - 0x00007ffd8ac77000 	C:\Program Files\Citrix\HDX\bin\MfApHook.dll
0x00007ffd8ab80000 - 0x00007ffd8ab92000 	C:\Program Files\Citrix\HDX\bin\FullScreenHook.dll
0x00007ffd6b4b0000 - 0x00007ffd6b54b000 	C:\Program Files\Java\jdk\bin\MSVCP140.dll
0x00007ffd8a9c0000 - 0x00007ffd8a9ea000 	C:\Program Files\Citrix\HDX\bin\ShellHook.dll
0x00007ffd8d180000 - 0x00007ffd8d1d2000 	C:\windows\System32\SHLWAPI.dll
0x00007ffd8a8b0000 - 0x00007ffd8a9ba000 	C:\Program Files\Citrix\HDX\bin\SCardHook.dll
0x00007ffd8a580000 - 0x00007ffd8a5a0000 	C:\Program Files\Citrix\HDX\bin\CxInjIme.dll
0x00007ffd4c710000 - 0x00007ffd4d22e000 	C:\Program Files\Java\jdk\bin\server\jvm.dll
0x00007ffd8d1e0000 - 0x00007ffd8d1e8000 	C:\windows\System32\PSAPI.DLL
0x00007ffd760d0000 - 0x00007ffd760d9000 	C:\windows\SYSTEM32\WSOCK32.dll
0x00007ffd8ccc0000 - 0x00007ffd8cd2f000 	C:\windows\System32\WS2_32.dll
0x00007ffd83ca0000 - 0x00007ffd83cc4000 	C:\windows\SYSTEM32\WINMM.dll
0x00007ffd83ac0000 - 0x00007ffd83aed000 	C:\windows\SYSTEM32\WINMMBASE.dll
0x00007ffd8bc00000 - 0x00007ffd8bc4a000 	C:\windows\System32\cfgmgr32.dll
0x00007ffd8ada0000 - 0x00007ffd8adb1000 	C:\windows\System32\kernel.appcore.dll
0x00007ffd746e0000 - 0x00007ffd746ea000 	C:\Program Files\Java\jdk\bin\jimage.dll
0x00007ffd88360000 - 0x00007ffd88554000 	C:\windows\SYSTEM32\DBGHELP.DLL
0x00007ffd74690000 - 0x00007ffd746ba000 	C:\windows\SYSTEM32\dbgcore.DLL
0x00007ffd6b480000 - 0x00007ffd6b4a5000 	C:\Program Files\Java\jdk\bin\java.dll
0x00007ffd6b460000 - 0x00007ffd6b476000 	C:\Program Files\Java\jdk\bin\zip.dll
0x00007ffd8c120000 - 0x00007ffd8c806000 	C:\windows\System32\SHELL32.dll
0x00007ffd8db10000 - 0x00007ffd8dbb9000 	C:\windows\System32\shcore.dll
0x00007ffd8b1d0000 - 0x00007ffd8b952000 	C:\windows\System32\windows.storage.dll
0x00007ffd8ade0000 - 0x00007ffd8ae03000 	C:\windows\System32\profapi.dll
0x00007ffd8ae10000 - 0x00007ffd8ae5a000 	C:\windows\System32\powrprof.dll
0x00007ffd8ad90000 - 0x00007ffd8ada0000 	C:\windows\System32\UMPDC.dll
0x00007ffd8af80000 - 0x00007ffd8af97000 	C:\windows\System32\cryptsp.dll
0x00007ffd6b440000 - 0x00007ffd6b459000 	C:\Program Files\java\jdk\bin\net.dll
0x00007ffd827d0000 - 0x00007ffd828c0000 	C:\windows\SYSTEM32\WINHTTP.dll
0x00007ffd8a120000 - 0x00007ffd8a187000 	C:\windows\system32\mswsock.dll
0x00007ffd6b420000 - 0x00007ffd6b432000 	C:\Program Files\java\jdk\bin\nio.dll
0x00007ffd745a0000 - 0x00007ffd745b0000 	C:\Program Files\Java\jdk\bin\verify.dll
0x00007ffd745b0000 - 0x00007ffd745d6000 	C:\Users\rsalha\.gradle\native\fdc75f09e3144964f2cf3f50f0aa648679c211496f362492102eb8c894070792\windows-amd64\native-platform.dll
0x00007ffd65490000 - 0x00007ffd65621000 	C:\Users\rsalha\.gradle\native\12488b8bf47d2d4c9fbf2f6322a914ad602e24e48041cd04a747c6da556b65c4\windows-amd64\native-platform-file-events.dll
0x00007ffd743e0000 - 0x00007ffd743e9000 	C:\Program Files\java\jdk\bin\management.dll
0x00007ffd712d0000 - 0x00007ffd712db000 	C:\Program Files\java\jdk\bin\management_ext.dll
0x00007ffd89ca0000 - 0x00007ffd89cd3000 	C:\windows\system32\rsaenh.dll
0x00007ffd8bcb0000 - 0x00007ffd8bcd6000 	C:\windows\System32\bcrypt.dll
0x00007ffd8acb0000 - 0x00007ffd8acd5000 	C:\windows\SYSTEM32\USERENV.dll
0x00007ffd8a2f0000 - 0x00007ffd8a2fc000 	C:\windows\SYSTEM32\CRYPTBASE.dll
0x00007ffd89e40000 - 0x00007ffd89e7a000 	C:\windows\SYSTEM32\IPHLPAPI.DLL
0x00007ffd8cd90000 - 0x00007ffd8cd98000 	C:\windows\System32\NSI.dll
0x00007ffd85f50000 - 0x00007ffd85f66000 	C:\windows\SYSTEM32\dhcpcsvc6.DLL
0x00007ffd85f30000 - 0x00007ffd85f4c000 	C:\windows\SYSTEM32\dhcpcsvc.DLL
0x00007ffd89e80000 - 0x00007ffd89f4b000 	C:\windows\SYSTEM32\DNSAPI.dll
0x00007ffd86830000 - 0x00007ffd8683b000 	C:\windows\SYSTEM32\WINNSI.DLL

dbghelp: loaded successfully - version: 4.0.5 - missing functions: none
symbol engine: initialized successfully - sym options: 0x614 - pdb path: .;C:\Program Files\Java\jdk\bin;C:\windows\SYSTEM32;C:\windows\WinSxS\amd64_microsoft.windows.common-controls_6595b64144ccf1df_6.0.18362.959_none_e6c7bbbf130c62bb;C:\Program Files\Citrix\HDX\bin;C:\Program Files\Java\jdk\bin\server;C:\Users\rsalha\.gradle\native\fdc75f09e3144964f2cf3f50f0aa648679c211496f362492102eb8c894070792\windows-amd64;C:\Users\rsalha\.gradle\native\12488b8bf47d2d4c9fbf2f6322a914ad602e24e48041cd04a747c6da556b65c4\windows-amd64

VM Arguments:
jvm_args: --add-opens=java.base/java.util=ALL-UNNAMED --add-opens=java.base/java.lang=ALL-UNNAMED --add-opens=java.base/java.lang.invoke=ALL-UNNAMED --add-opens=java.prefs/java.util.prefs=ALL-UNNAMED -XX:MaxMetaspaceSize=256m -XX:+HeapDumpOnOutOfMemoryError -Xms256m -Xmx512m -Dfile.encoding=windows-1252 -Duser.country=FR -Duser.language=fr -Duser.variant 
java_command: org.gradle.launcher.daemon.bootstrap.GradleDaemon 6.7
java_class_path (initial): C:\Users\rsalha\.gradle\wrapper\dists\gradle-6.7-bin\efvqh8uyq79v2n7rcncuhu9sv\gradle-6.7\lib\gradle-launcher-6.7.jar
Launcher Type: SUN_STANDARD

[Global flags]
     intx CICompilerCount                          = 3                                         {product} {ergonomic}
   size_t CompressedClassSpaceSize                 = 260046848                                 {product} {ergonomic}
     uint ConcGCThreads                            = 1                                         {product} {ergonomic}
     uint G1ConcRefinementThreads                  = 4                                         {product} {ergonomic}
   size_t G1HeapRegionSize                         = 1048576                                   {product} {ergonomic}
    uintx GCDrainStackTargetSize                   = 64                                        {product} {ergonomic}
     bool HeapDumpOnOutOfMemoryError               = true                                   {manageable} {command line}
   size_t InitialHeapSize                          = 268435456                                 {product} {command line}
   size_t MarkStackSize                            = 4194304                                   {product} {ergonomic}
   size_t MaxHeapSize                              = 536870912                                 {product} {command line}
   size_t MaxMetaspaceSize                         = 268435456                                 {product} {command line}
   size_t MaxNewSize                               = 321912832                                 {product} {ergonomic}
   size_t MinHeapDeltaBytes                        = 1048576                                   {product} {ergonomic}
   size_t MinHeapSize                              = 268435456                                 {product} {command line}
    uintx NonNMethodCodeHeapSize                   = 5832780                                {pd product} {ergonomic}
    uintx NonProfiledCodeHeapSize                  = 122912730                              {pd product} {ergonomic}
    uintx ProfiledCodeHeapSize                     = 122912730                              {pd product} {ergonomic}
    uintx ReservedCodeCacheSize                    = 251658240                              {pd product} {ergonomic}
     bool SegmentedCodeCache                       = true                                      {product} {ergonomic}
   size_t SoftMaxHeapSize                          = 536870912                              {manageable} {ergonomic}
     bool UseCompressedClassPointers               = true                                 {lp64_product} {ergonomic}
     bool UseCompressedOops                        = true                                 {lp64_product} {ergonomic}
     bool UseG1GC                                  = true                                      {product} {ergonomic}
     bool UseLargePagesIndividualAllocation        = false                                  {pd product} {ergonomic}

Logging:
Log output configuration:
 #0: stdout all=warning uptime,level,tags
 #1: stderr all=off uptime,level,tags

Environment Variables:
PATH=C:\Program Files (x86)\Microsoft SDKs\Azure\CLI2\wbin;C:\windows\system32;C:\windows;C:\windows\System32\Wbem;C:\windows\System32\WindowsPowerShell\v1.0\;C:\windows\System32\OpenSSH\;C:\Users\Administrateur\AppData\Local\Microsoft\WindowsApps;;C:\PHP;C:\ProgramData\ComposerSetup\bin;C:\Program Files\java\jdk\bin;C:\Program Files\Git\cmd;C:\Program Files\Python38;c:\Program Files\Python38\scripts;C:\oracleclient\instantclient_12_1;C:\Program Files (x86)\Citrix\HDX\bin\;C:\Program Files\Citrix\HDX\bin\;C:\Program Files\nodejs\;C:\Users\rsalha\AppData\Local\Microsoft\WindowsApps;
USERNAME=rsalha
OS=Windows_NT
PROCESSOR_IDENTIFIER=Intel64 Family 6 Model 85 Stepping 4, GenuineIntel



---------------  S Y S T E M  ---------------

OS: Windows 10 , 64 bit Build 18362 (10.0.18362.959)
OS uptime: 0 days 7:30 hours
HyperV virtualization detected

CPU:total 4 (initial active 4) (2 cores per cpu, 2 threads per core) family 6 model 85 stepping 4, cmov, cx8, fxsr, mmx, sse, sse2, sse3, ssse3, sse4.1, sse4.2, popcnt, avx, avx2, aes, clmul, erms, rtm, 3dnowpref, lzcnt, ht, tsc, bmi1, bmi2, adx, fma

Memory: 4k page, system-wide physical 4095M (144M free)
TotalPageFile size 16071M (AvailPageFile size 3M)
current process WorkingSet (physical memory assigned to process): 221M, peak: 238M
current process commit charge ("private bytes"): 445M, peak: 446M

vm_info: Java HotSpot(TM) 64-Bit Server VM (14.0.1+7) for windows-amd64 JRE (14.0.1+7), built on Mar  5 2020 10:30:14 by "mach5one" with MS VC++ 15.9 (VS2017)

END.
